<?xml version="1.0" encoding="utf-8"?>
<!DOCTYPE coverage SYSTEM "http://cobertura.sourceforge.net/xml/coverage-04.dtd">
<coverage line-rate="0.96113074204947" branch-rate="0.729166666666667" lines-covered="272" lines-valid="283" branches-covered="35" branches-valid="48" complexity="113" version="0" timestamp="1676457869">
  <sources />
  <packages>
    <package name="Team3DesktopApp" line-rate="0.96113074204947" branch-rate="0.729166666666667" complexity="113">
      <classes>
        <class name="Team3DesktopApp.Dal.HttpClientConnection" filename="C:\Users\jorda\OneDrive\Desktop\Capstone\code\Team3Capstone\Team3DesktopApp\Dal\HttpClientConnection.cs" line-rate="0.930434782608696" branch-rate="0.5" complexity="16">
          <methods>
            <method name="RemovePantryItem" signature="(...)" line-rate="0.933333333333333" branch-rate="0.5" complexity="2">
              <lines>
                <line number="207" hits="1" branch="false" />
                <line number="208" hits="1" branch="false" />
                <line number="209" hits="1" branch="false" />
                <line number="210" hits="1" branch="false" />
                <line number="212" hits="1" branch="false" />
                <line number="214" hits="1" branch="false" />
                <line number="216" hits="1" branch="false" />
                <line number="217" hits="1" branch="true" condition-coverage="50% (1/2)" />
                <line number="218" hits="1" branch="false" />
                <line number="219" hits="1" branch="false" />
                <line number="220" hits="1" branch="false" />
                <line number="222" hits="1" branch="false" />
                <line number="223" hits="1" branch="false" />
                <line number="226" hits="0" branch="false" />
                <line number="228" hits="1" branch="false" />
              </lines>
            </method>
            <method name="MoveNext" signature="()" line-rate="0.928571428571429" branch-rate="0.5" complexity="2">
              <lines>
                <line number="104" hits="1" branch="false" />
                <line number="105" hits="1" branch="false" />
                <line number="106" hits="1" branch="false" />
                <line number="108" hits="1" branch="false" />
                <line number="110" hits="1" branch="false" />
                <line number="112" hits="1" branch="false" />
                <line number="113" hits="1" branch="true" condition-coverage="50% (1/2)" />
                <line number="114" hits="1" branch="false" />
                <line number="115" hits="1" branch="false" />
                <line number="116" hits="1" branch="false" />
                <line number="118" hits="1" branch="false" />
                <line number="119" hits="1" branch="false" />
                <line number="122" hits="0" branch="false" />
                <line number="123" hits="1" branch="false" />
              </lines>
            </method>
            <method name="MoveNext" signature="()" line-rate="0.928571428571429" branch-rate="0.5" complexity="2">
              <lines>
                <line number="132" hits="1" branch="false" />
                <line number="133" hits="1" branch="false" />
                <line number="134" hits="1" branch="false" />
                <line number="136" hits="1" branch="false" />
                <line number="138" hits="1" branch="false" />
                <line number="140" hits="1" branch="false" />
                <line number="141" hits="1" branch="true" condition-coverage="50% (1/2)" />
                <line number="142" hits="1" branch="false" />
                <line number="143" hits="1" branch="false" />
                <line number="144" hits="1" branch="false" />
                <line number="146" hits="1" branch="false" />
                <line number="147" hits="1" branch="false" />
                <line number="150" hits="0" branch="false" />
                <line number="151" hits="1" branch="false" />
              </lines>
            </method>
            <method name="MoveNext" signature="()" line-rate="0.941176470588235" branch-rate="0.5" complexity="2">
              <lines>
                <line number="76" hits="1" branch="false" />
                <line number="77" hits="1" branch="false" />
                <line number="78" hits="1" branch="false" />
                <line number="79" hits="1" branch="false" />
                <line number="80" hits="1" branch="false" />
                <line number="81" hits="1" branch="false" />
                <line number="82" hits="1" branch="false" />
                <line number="83" hits="1" branch="true" condition-coverage="50% (1/2)" />
                <line number="84" hits="1" branch="false" />
                <line number="85" hits="1" branch="false" />
                <line number="86" hits="1" branch="false" />
                <line number="88" hits="1" branch="false" />
                <line number="89" hits="1" branch="false" />
                <line number="90" hits="1" branch="false" />
                <line number="91" hits="1" branch="false" />
                <line number="94" hits="0" branch="false" />
                <line number="95" hits="1" branch="false" />
              </lines>
            </method>
            <method name="MoveNext" signature="()" line-rate="0.928571428571429" branch-rate="0.5" complexity="2">
              <lines>
                <line number="185" hits="1" branch="false" />
                <line number="186" hits="1" branch="false" />
                <line number="187" hits="1" branch="false" />
                <line number="188" hits="1" branch="false" />
                <line number="189" hits="1" branch="true" condition-coverage="50% (1/2)" />
                <line number="190" hits="1" branch="false" />
                <line number="191" hits="1" branch="false" />
                <line number="192" hits="1" branch="false" />
                <line number="194" hits="1" branch="false" />
                <line number="195" hits="1" branch="false" />
                <line number="196" hits="1" branch="false" />
                <line number="197" hits="1" branch="false" />
                <line number="200" hits="0" branch="false" />
                <line number="201" hits="1" branch="false" />
              </lines>
            </method>
            <method name="MoveNext" signature="()" line-rate="0.928571428571429" branch-rate="0.5" complexity="2">
              <lines>
                <line number="160" hits="1" branch="false" />
                <line number="161" hits="1" branch="false" />
                <line number="162" hits="1" branch="false" />
                <line number="163" hits="1" branch="false" />
                <line number="164" hits="1" branch="true" condition-coverage="50% (1/2)" />
                <line number="165" hits="1" branch="false" />
                <line number="166" hits="1" branch="false" />
                <line number="167" hits="1" branch="false" />
                <line number="169" hits="1" branch="false" />
                <line number="170" hits="1" branch="false" />
                <line number="171" hits="1" branch="false" />
                <line number="172" hits="1" branch="false" />
                <line number="175" hits="0" branch="false" />
                <line number="176" hits="1" branch="false" />
              </lines>
            </method>
            <method name="MoveNext" signature="()" line-rate="0.928571428571429" branch-rate="0.5" complexity="2">
              <lines>
                <line number="49" hits="1" branch="false" />
                <line number="50" hits="1" branch="false" />
                <line number="51" hits="1" branch="false" />
                <line number="53" hits="1" branch="false" />
                <line number="55" hits="1" branch="false" />
                <line number="57" hits="1" branch="false" />
                <line number="58" hits="1" branch="true" condition-coverage="50% (1/2)" />
                <line number="59" hits="1" branch="false" />
                <line number="60" hits="1" branch="false" />
                <line number="61" hits="1" branch="false" />
                <line number="62" hits="1" branch="false" />
                <line number="63" hits="1" branch="false" />
                <line number="66" hits="0" branch="false" />
                <line number="67" hits="1" branch="false" />
              </lines>
            </method>
            <method name="MoveNext" signature="()" line-rate="0.923076923076923" branch-rate="0.5" complexity="2">
              <lines>
                <line number="25" hits="1" branch="false" />
                <line number="26" hits="1" branch="false" />
                <line number="27" hits="1" branch="false" />
                <line number="28" hits="1" branch="false" />
                <line number="29" hits="1" branch="false" />
                <line number="30" hits="1" branch="true" condition-coverage="50% (1/2)" />
                <line number="31" hits="1" branch="false" />
                <line number="32" hits="1" branch="false" />
                <line number="33" hits="1" branch="false" />
                <line number="35" hits="1" branch="false" />
                <line number="36" hits="1" branch="false" />
                <line number="39" hits="0" branch="false" />
                <line number="40" hits="1" branch="false" />
              </lines>
            </method>
          </methods>
          <lines>
            <line number="25" hits="1" branch="false" />
            <line number="26" hits="1" branch="false" />
            <line number="27" hits="1" branch="false" />
            <line number="28" hits="1" branch="false" />
            <line number="29" hits="1" branch="false" />
            <line number="30" hits="1" branch="true" condition-coverage="50% (1/2)" />
            <line number="31" hits="1" branch="false" />
            <line number="32" hits="1" branch="false" />
            <line number="33" hits="1" branch="false" />
            <line number="35" hits="1" branch="false" />
            <line number="36" hits="1" branch="false" />
            <line number="39" hits="0" branch="false" />
            <line number="40" hits="1" branch="false" />
            <line number="49" hits="1" branch="false" />
            <line number="50" hits="1" branch="false" />
            <line number="51" hits="1" branch="false" />
            <line number="53" hits="1" branch="false" />
            <line number="55" hits="1" branch="false" />
            <line number="57" hits="1" branch="false" />
            <line number="58" hits="1" branch="true" condition-coverage="50% (1/2)" />
            <line number="59" hits="1" branch="false" />
            <line number="60" hits="1" branch="false" />
            <line number="61" hits="1" branch="false" />
            <line number="62" hits="1" branch="false" />
            <line number="63" hits="1" branch="false" />
            <line number="66" hits="0" branch="false" />
            <line number="67" hits="1" branch="false" />
            <line number="76" hits="1" branch="false" />
            <line number="77" hits="1" branch="false" />
            <line number="78" hits="1" branch="false" />
            <line number="79" hits="1" branch="false" />
            <line number="80" hits="1" branch="false" />
            <line number="81" hits="1" branch="false" />
            <line number="82" hits="1" branch="false" />
            <line number="83" hits="1" branch="true" condition-coverage="50% (1/2)" />
            <line number="84" hits="1" branch="false" />
            <line number="85" hits="1" branch="false" />
            <line number="86" hits="1" branch="false" />
            <line number="88" hits="1" branch="false" />
            <line number="89" hits="1" branch="false" />
            <line number="90" hits="1" branch="false" />
            <line number="91" hits="1" branch="false" />
            <line number="94" hits="0" branch="false" />
            <line number="95" hits="1" branch="false" />
            <line number="104" hits="1" branch="false" />
            <line number="105" hits="1" branch="false" />
            <line number="106" hits="1" branch="false" />
            <line number="108" hits="1" branch="false" />
            <line number="110" hits="1" branch="false" />
            <line number="112" hits="1" branch="false" />
            <line number="113" hits="1" branch="true" condition-coverage="50% (1/2)" />
            <line number="114" hits="1" branch="false" />
            <line number="115" hits="1" branch="false" />
            <line number="116" hits="1" branch="false" />
            <line number="118" hits="1" branch="false" />
            <line number="119" hits="1" branch="false" />
            <line number="122" hits="0" branch="false" />
            <line number="123" hits="1" branch="false" />
            <line number="132" hits="1" branch="false" />
            <line number="133" hits="1" branch="false" />
            <line number="134" hits="1" branch="false" />
            <line number="136" hits="1" branch="false" />
            <line number="138" hits="1" branch="false" />
            <line number="140" hits="1" branch="false" />
            <line number="141" hits="1" branch="true" condition-coverage="50% (1/2)" />
            <line number="142" hits="1" branch="false" />
            <line number="143" hits="1" branch="false" />
            <line number="144" hits="1" branch="false" />
            <line number="146" hits="1" branch="false" />
            <line number="147" hits="1" branch="false" />
            <line number="150" hits="0" branch="false" />
            <line number="151" hits="1" branch="false" />
            <line number="160" hits="1" branch="false" />
            <line number="161" hits="1" branch="false" />
            <line number="162" hits="1" branch="false" />
            <line number="163" hits="1" branch="false" />
            <line number="164" hits="1" branch="true" condition-coverage="50% (1/2)" />
            <line number="165" hits="1" branch="false" />
            <line number="166" hits="1" branch="false" />
            <line number="167" hits="1" branch="false" />
            <line number="169" hits="1" branch="false" />
            <line number="170" hits="1" branch="false" />
            <line number="171" hits="1" branch="false" />
            <line number="172" hits="1" branch="false" />
            <line number="175" hits="0" branch="false" />
            <line number="176" hits="1" branch="false" />
            <line number="185" hits="1" branch="false" />
            <line number="186" hits="1" branch="false" />
            <line number="187" hits="1" branch="false" />
            <line number="188" hits="1" branch="false" />
            <line number="189" hits="1" branch="true" condition-coverage="50% (1/2)" />
            <line number="190" hits="1" branch="false" />
            <line number="191" hits="1" branch="false" />
            <line number="192" hits="1" branch="false" />
            <line number="194" hits="1" branch="false" />
            <line number="195" hits="1" branch="false" />
            <line number="196" hits="1" branch="false" />
            <line number="197" hits="1" branch="false" />
            <line number="200" hits="0" branch="false" />
            <line number="201" hits="1" branch="false" />
            <line number="207" hits="1" branch="false" />
            <line number="208" hits="1" branch="false" />
            <line number="209" hits="1" branch="false" />
            <line number="210" hits="1" branch="false" />
            <line number="212" hits="1" branch="false" />
            <line number="214" hits="1" branch="false" />
            <line number="216" hits="1" branch="false" />
            <line number="217" hits="1" branch="true" condition-coverage="50% (1/2)" />
            <line number="218" hits="1" branch="false" />
            <line number="219" hits="1" branch="false" />
            <line number="220" hits="1" branch="false" />
            <line number="222" hits="1" branch="false" />
            <line number="223" hits="1" branch="false" />
            <line number="226" hits="0" branch="false" />
            <line number="228" hits="1" branch="false" />
          </lines>
        </class>
        <class name="Team3DesktopApp.Model.Ingredient" filename="C:\Users\jorda\OneDrive\Desktop\Capstone\code\Team3Capstone\Team3DesktopApp\Model\Ingredient.cs" line-rate="1" branch-rate="1" complexity="5">
          <methods>
            <method name="get_name" signature="()" line-rate="1" branch-rate="1" complexity="1">
              <lines>
                <line number="16" hits="1" branch="false" />
              </lines>
            </method>
            <method name="set_name" signature="(...)" line-rate="1" branch-rate="1" complexity="1">
              <lines>
                <line number="16" hits="1" branch="false" />
              </lines>
            </method>
            <method name="get_quanitiy" signature="()" line-rate="1" branch-rate="1" complexity="1">
              <lines>
                <line number="24" hits="1" branch="false" />
              </lines>
            </method>
            <method name="set_quanitiy" signature="(...)" line-rate="1" branch-rate="1" complexity="1">
              <lines>
                <line number="24" hits="1" branch="false" />
              </lines>
            </method>
            <method name=".ctor" signature="(...)" line-rate="1" branch-rate="1" complexity="1">
              <lines>
                <line number="35" hits="1" branch="false" />
                <line number="36" hits="1" branch="false" />
                <line number="37" hits="1" branch="false" />
                <line number="38" hits="1" branch="false" />
                <line number="39" hits="1" branch="false" />
              </lines>
            </method>
          </methods>
          <lines>
            <line number="16" hits="1" branch="false" />
            <line number="24" hits="1" branch="false" />
            <line number="35" hits="1" branch="false" />
            <line number="36" hits="1" branch="false" />
            <line number="37" hits="1" branch="false" />
            <line number="38" hits="1" branch="false" />
            <line number="39" hits="1" branch="false" />
          </lines>
        </class>
        <class name="Team3DesktopApp.Model.PantryItem" filename="C:\Users\jorda\OneDrive\Desktop\Capstone\code\Team3Capstone\Team3DesktopApp\Model\PantryItem.cs" line-rate="1" branch-rate="1" complexity="8">
          <methods>
            <method name="get_PantryId" signature="()" line-rate="1" branch-rate="1" complexity="1">
              <lines>
                <line number="15" hits="1" branch="false" />
              </lines>
            </method>
            <method name="set_PantryId" signature="(...)" line-rate="1" branch-rate="1" complexity="1">
              <lines>
                <line number="15" hits="1" branch="false" />
              </lines>
            </method>
            <method name="get_UserId" signature="()" line-rate="1" branch-rate="1" complexity="1">
              <lines>
                <line number="23" hits="1" branch="false" />
              </lines>
            </method>
            <method name="set_UserId" signature="(...)" line-rate="1" branch-rate="1" complexity="1">
              <lines>
                <line number="23" hits="1" branch="false" />
              </lines>
            </method>
            <method name="get_IngredientName" signature="()" line-rate="1" branch-rate="1" complexity="1">
              <lines>
                <line number="31" hits="1" branch="false" />
              </lines>
            </method>
            <method name="set_IngredientName" signature="(...)" line-rate="1" branch-rate="1" complexity="1">
              <lines>
                <line number="31" hits="1" branch="false" />
              </lines>
            </method>
            <method name="get_Quantity" signature="()" line-rate="1" branch-rate="1" complexity="1">
              <lines>
                <line number="39" hits="1" branch="false" />
              </lines>
            </method>
            <method name="set_Quantity" signature="(...)" line-rate="1" branch-rate="1" complexity="1">
              <lines>
                <line number="39" hits="1" branch="false" />
              </lines>
            </method>
          </methods>
          <lines>
            <line number="15" hits="1" branch="false" />
            <line number="23" hits="1" branch="false" />
            <line number="31" hits="1" branch="false" />
            <line number="39" hits="1" branch="false" />
          </lines>
        </class>
        <class name="Team3DesktopApp.Model.Recipe" filename="C:\Users\jorda\OneDrive\Desktop\Capstone\code\Team3Capstone\Team3DesktopApp\Model\Recipe.cs" line-rate="1" branch-rate="1" complexity="4">
          <methods>
            <method name="get_Id" signature="()" line-rate="1" branch-rate="1" complexity="1">
              <lines>
                <line number="9" hits="1" branch="false" />
              </lines>
            </method>
            <method name="set_Id" signature="(...)" line-rate="1" branch-rate="1" complexity="1">
              <lines>
                <line number="9" hits="1" branch="false" />
              </lines>
            </method>
            <method name="get_Title" signature="()" line-rate="1" branch-rate="1" complexity="1">
              <lines>
                <line number="13" hits="1" branch="false" />
              </lines>
            </method>
            <method name="set_Title" signature="(...)" line-rate="1" branch-rate="1" complexity="1">
              <lines>
                <line number="13" hits="1" branch="false" />
              </lines>
            </method>
          </methods>
          <lines>
            <line number="9" hits="1" branch="false" />
            <line number="13" hits="1" branch="false" />
          </lines>
        </class>
        <class name="Team3DesktopApp.Model.RecipeInformation" filename="C:\Users\jorda\OneDrive\Desktop\Capstone\code\Team3Capstone\Team3DesktopApp\Model\RecipeInformation.cs" line-rate="1" branch-rate="1" complexity="6">
          <methods>
            <method name="get_Summary" signature="()" line-rate="1" branch-rate="1" complexity="1">
              <lines>
                <line number="17" hits="1" branch="false" />
              </lines>
            </method>
            <method name="set_Summary" signature="(...)" line-rate="1" branch-rate="1" complexity="1">
              <lines>
                <line number="17" hits="1" branch="false" />
              </lines>
            </method>
            <method name="get_Ingredients" signature="()" line-rate="1" branch-rate="1" complexity="1">
              <lines>
                <line number="25" hits="1" branch="false" />
              </lines>
            </method>
            <method name="set_Ingredients" signature="(...)" line-rate="1" branch-rate="1" complexity="1">
              <lines>
                <line number="25" hits="1" branch="false" />
              </lines>
            </method>
            <method name="get_Steps" signature="()" line-rate="1" branch-rate="1" complexity="1">
              <lines>
                <line number="33" hits="1" branch="false" />
              </lines>
            </method>
            <method name="set_Steps" signature="(...)" line-rate="1" branch-rate="1" complexity="1">
              <lines>
                <line number="33" hits="1" branch="false" />
              </lines>
            </method>
          </methods>
          <lines>
            <line number="17" hits="1" branch="false" />
            <line number="25" hits="1" branch="false" />
            <line number="33" hits="1" branch="false" />
          </lines>
        </class>
        <class name="Team3DesktopApp.Model.RecipeStep" filename="C:\Users\jorda\OneDrive\Desktop\Capstone\code\Team3Capstone\Team3DesktopApp\Model\RecipeStep.cs" line-rate="1" branch-rate="1" complexity="4">
          <methods>
            <method name="get_stepNumber" signature="()" line-rate="1" branch-rate="1" complexity="1">
              <lines>
                <line number="15" hits="1" branch="false" />
              </lines>
            </method>
            <method name="set_stepNumber" signature="(...)" line-rate="1" branch-rate="1" complexity="1">
              <lines>
                <line number="15" hits="1" branch="false" />
              </lines>
            </method>
            <method name="get_instructions" signature="()" line-rate="1" branch-rate="1" complexity="1">
              <lines>
                <line number="23" hits="1" branch="false" />
              </lines>
            </method>
            <method name="set_instructions" signature="(...)" line-rate="1" branch-rate="1" complexity="1">
              <lines>
                <line number="23" hits="1" branch="false" />
              </lines>
            </method>
          </methods>
          <lines>
            <line number="15" hits="1" branch="false" />
            <line number="23" hits="1" branch="false" />
          </lines>
        </class>
        <class name="Team3DesktopApp.Model.User" filename="C:\Users\jorda\OneDrive\Desktop\Capstone\code\Team3Capstone\Team3DesktopApp\Model\User.cs" line-rate="1" branch-rate="1" complexity="11">
          <methods>
            <method name="get_Username" signature="()" line-rate="1" branch-rate="1" complexity="1">
              <lines>
                <line number="16" hits="1" branch="false" />
              </lines>
            </method>
            <method name="get_FirstName" signature="()" line-rate="1" branch-rate="1" complexity="1">
              <lines>
                <line number="24" hits="1" branch="false" />
              </lines>
            </method>
            <method name="set_FirstName" signature="(...)" line-rate="1" branch-rate="1" complexity="1">
              <lines>
                <line number="24" hits="1" branch="false" />
              </lines>
            </method>
            <method name="get_LastName" signature="()" line-rate="1" branch-rate="1" complexity="1">
              <lines>
                <line number="32" hits="1" branch="false" />
              </lines>
            </method>
            <method name="set_LastName" signature="(...)" line-rate="1" branch-rate="1" complexity="1">
              <lines>
                <line number="32" hits="1" branch="false" />
              </lines>
            </method>
            <method name="get_Email" signature="()" line-rate="1" branch-rate="1" complexity="1">
              <lines>
                <line number="40" hits="1" branch="false" />
              </lines>
            </method>
            <method name="set_Email" signature="(...)" line-rate="1" branch-rate="1" complexity="1">
              <lines>
                <line number="40" hits="1" branch="false" />
              </lines>
            </method>
            <method name="get_Password" signature="()" line-rate="1" branch-rate="1" complexity="1">
              <lines>
                <line number="48" hits="1" branch="false" />
              </lines>
            </method>
            <method name="set_Password" signature="(...)" line-rate="1" branch-rate="1" complexity="1">
              <lines>
                <line number="48" hits="1" branch="false" />
              </lines>
            </method>
            <method name=".ctor" signature="(...)" line-rate="1" branch-rate="1" complexity="1">
              <lines>
                <line number="62" hits="1" branch="false" />
                <line number="63" hits="1" branch="false" />
                <line number="64" hits="1" branch="false" />
                <line number="65" hits="1" branch="false" />
                <line number="66" hits="1" branch="false" />
                <line number="67" hits="1" branch="false" />
                <line number="68" hits="1" branch="false" />
                <line number="69" hits="1" branch="false" />
              </lines>
            </method>
            <method name="UpdateUserInfo" signature="(...)" line-rate="1" branch-rate="1" complexity="1">
              <lines>
                <line number="83" hits="1" branch="false" />
                <line number="84" hits="1" branch="false" />
                <line number="85" hits="1" branch="false" />
                <line number="86" hits="1" branch="false" />
                <line number="87" hits="1" branch="false" />
                <line number="88" hits="1" branch="false" />
              </lines>
            </method>
          </methods>
          <lines>
            <line number="16" hits="1" branch="false" />
            <line number="24" hits="1" branch="false" />
            <line number="32" hits="1" branch="false" />
            <line number="40" hits="1" branch="false" />
            <line number="48" hits="1" branch="false" />
            <line number="62" hits="1" branch="false" />
            <line number="63" hits="1" branch="false" />
            <line number="64" hits="1" branch="false" />
            <line number="65" hits="1" branch="false" />
            <line number="66" hits="1" branch="false" />
            <line number="67" hits="1" branch="false" />
            <line number="68" hits="1" branch="false" />
            <line number="69" hits="1" branch="false" />
            <line number="83" hits="1" branch="false" />
            <line number="84" hits="1" branch="false" />
            <line number="85" hits="1" branch="false" />
            <line number="86" hits="1" branch="false" />
            <line number="87" hits="1" branch="false" />
            <line number="88" hits="1" branch="false" />
          </lines>
        </class>
        <class name="Team3DesktopApp.ViewModel.FoodieViewModel" filename="C:\Users\jorda\OneDrive\Desktop\Capstone\code\Team3Capstone\Team3DesktopApp\ViewModel\FoodieViewModel.cs" line-rate="0.986842105263158" branch-rate="0.916666666666667" complexity="38">
          <methods>
            <method name="get_ClientToSet" signature="()" line-rate="1" branch-rate="1" complexity="1">
              <lines>
                <line number="17" hits="1" branch="false" />
              </lines>
            </method>
            <method name="set_ClientToSet" signature="(...)" line-rate="1" branch-rate="1" complexity="1">
              <lines>
                <line number="17" hits="1" branch="false" />
              </lines>
            </method>
            <method name="get_Userid" signature="()" line-rate="1" branch-rate="1" complexity="1">
              <lines>
                <line number="32" hits="1" branch="false" />
              </lines>
            </method>
            <method name="set_Userid" signature="(...)" line-rate="1" branch-rate="1" complexity="1">
              <lines>
                <line number="32" hits="1" branch="false" />
              </lines>
            </method>
            <method name="get_Pantry" signature="()" line-rate="0" branch-rate="1" complexity="1">
              <lines>
                <line number="36" hits="0" branch="false" />
              </lines>
            </method>
            <method name="set_Pantry" signature="(...)" line-rate="0" branch-rate="1" complexity="1">
              <lines>
                <line number="36" hits="0" branch="false" />
              </lines>
            </method>
            <method name=".ctor" signature="()" line-rate="1" branch-rate="1" complexity="1">
              <lines>
                <line number="43" hits="1" branch="false" />
                <line number="44" hits="1" branch="false" />
                <line number="45" hits="1" branch="false" />
                <line number="46" hits="1" branch="false" />
                <line number="47" hits="1" branch="false" />
                <line number="48" hits="1" branch="false" />
                <line number="49" hits="1" branch="false" />
                <line number="50" hits="1" branch="false" />
                <line number="51" hits="1" branch="false" />
              </lines>
            </method>
            <method name="GetRecipes" signature="()" line-rate="1" branch-rate="1" complexity="4">
              <lines>
                <line number="93" hits="1" branch="false" />
                <line number="94" hits="1" branch="false" />
                <line number="95" hits="1" branch="true" condition-coverage="100% (4/4)" />
                <line number="96" hits="1" branch="false" />
                <line number="97" hits="1" branch="false" />
                <line number="98" hits="1" branch="false" />
                <line number="100" hits="1" branch="false" />
                <line number="101" hits="1" branch="false" />
              </lines>
            </method>
            <method name="GetRecipeIngredients" signature="()" line-rate="1" branch-rate="1" complexity="4">
              <lines>
                <line number="155" hits="1" branch="false" />
                <line number="156" hits="1" branch="false" />
                <line number="157" hits="1" branch="true" condition-coverage="100% (4/4)" />
                <line number="158" hits="1" branch="false" />
                <line number="159" hits="1" branch="false" />
                <line number="160" hits="1" branch="false" />
                <line number="162" hits="1" branch="false" />
                <line number="163" hits="1" branch="false" />
              </lines>
            </method>
            <method name="GetRecipeSteps" signature="()" line-rate="1" branch-rate="1" complexity="4">
              <lines>
                <line number="170" hits="1" branch="false" />
                <line number="171" hits="1" branch="false" />
                <line number="172" hits="1" branch="true" condition-coverage="100% (4/4)" />
                <line number="173" hits="1" branch="false" />
                <line number="174" hits="1" branch="false" />
                <line number="175" hits="1" branch="false" />
                <line number="177" hits="1" branch="false" />
                <line number="178" hits="1" branch="false" />
              </lines>
            </method>
            <method name="GetRecipeTitle" signature="()" line-rate="1" branch-rate="1" complexity="1">
              <lines>
                <line number="185" hits="1" branch="false" />
                <line number="186" hits="1" branch="false" />
                <line number="187" hits="1" branch="false" />
              </lines>
            </method>
            <method name="RemoveIngredient" signature="(...)" line-rate="1" branch-rate="1" complexity="1">
              <lines>
                <line number="192" hits="1" branch="false" />
                <line number="193" hits="1" branch="false" />
                <line number="195" hits="1" branch="false" />
              </lines>
            </method>
            <method name=".cctor" signature="()" line-rate="1" branch-rate="1" complexity="1">
              <lines>
                <line number="18" hits="1" branch="false" />
              </lines>
            </method>
            <method name="MoveNext" signature="()" line-rate="1" branch-rate="1" complexity="1">
              <lines>
                <line number="122" hits="1" branch="false" />
                <line number="123" hits="1" branch="false" />
                <line number="125" hits="1" branch="false" />
              </lines>
            </method>
            <method name="MoveNext" signature="()" line-rate="1" branch-rate="1" complexity="1">
              <lines>
                <line number="146" hits="1" branch="false" />
                <line number="147" hits="1" branch="false" />
                <line number="148" hits="1" branch="false" />
              </lines>
            </method>
            <method name="MoveNext" signature="()" line-rate="1" branch-rate="1" complexity="1">
              <lines>
                <line number="81" hits="1" branch="false" />
                <line number="82" hits="1" branch="false" />
                <line number="84" hits="1" branch="false" />
                <line number="85" hits="1" branch="false" />
                <line number="86" hits="1" branch="false" />
              </lines>
            </method>
            <method name="MoveNext" signature="()" line-rate="1" branch-rate="1" complexity="2">
              <lines>
                <line number="66" hits="1" branch="false" />
                <line number="67" hits="1" branch="false" />
                <line number="68" hits="1" branch="true" condition-coverage="100% (2/2)" />
                <line number="69" hits="1" branch="false" />
                <line number="70" hits="1" branch="false" />
                <line number="71" hits="1" branch="false" />
                <line number="73" hits="1" branch="false" />
                <line number="74" hits="1" branch="false" />
              </lines>
            </method>
            <method name="MoveNext" signature="()" line-rate="1" branch-rate="0.8" complexity="10">
              <lines>
                <line number="130" hits="1" branch="false" />
                <line number="131" hits="1" branch="false" />
                <line number="132" hits="1" branch="true" condition-coverage="100% (4/4)" />
                <line number="133" hits="1" branch="false" />
                <line number="134" hits="1" branch="true" condition-coverage="67% (4/6)" />
                <line number="135" hits="1" branch="false" />
                <line number="136" hits="1" branch="false" />
                <line number="137" hits="1" branch="false" />
                <line number="138" hits="1" branch="false" />
                <line number="139" hits="1" branch="false" />
                <line number="140" hits="1" branch="false" />
              </lines>
            </method>
            <method name="MoveNext" signature="()" line-rate="1" branch-rate="1" complexity="1">
              <lines>
                <line number="114" hits="1" branch="false" />
                <line number="115" hits="1" branch="false" />
                <line number="116" hits="1" branch="false" />
              </lines>
            </method>
          </methods>
          <lines>
            <line number="17" hits="1" branch="false" />
            <line number="18" hits="1" branch="false" />
            <line number="32" hits="1" branch="false" />
            <line number="36" hits="0" branch="false" />
            <line number="43" hits="1" branch="false" />
            <line number="44" hits="1" branch="false" />
            <line number="45" hits="1" branch="false" />
            <line number="46" hits="1" branch="false" />
            <line number="47" hits="1" branch="false" />
            <line number="48" hits="1" branch="false" />
            <line number="49" hits="1" branch="false" />
            <line number="50" hits="1" branch="false" />
            <line number="51" hits="1" branch="false" />
            <line number="66" hits="1" branch="false" />
            <line number="67" hits="1" branch="false" />
            <line number="68" hits="1" branch="true" condition-coverage="100% (2/2)" />
            <line number="69" hits="1" branch="false" />
            <line number="70" hits="1" branch="false" />
            <line number="71" hits="1" branch="false" />
            <line number="73" hits="1" branch="false" />
            <line number="74" hits="1" branch="false" />
            <line number="81" hits="1" branch="false" />
            <line number="82" hits="1" branch="false" />
            <line number="84" hits="1" branch="false" />
            <line number="85" hits="1" branch="false" />
            <line number="86" hits="1" branch="false" />
            <line number="93" hits="1" branch="false" />
            <line number="94" hits="1" branch="false" />
            <line number="95" hits="1" branch="true" condition-coverage="100% (4/4)" />
            <line number="96" hits="1" branch="false" />
            <line number="97" hits="1" branch="false" />
            <line number="98" hits="1" branch="false" />
            <line number="100" hits="1" branch="false" />
            <line number="101" hits="1" branch="false" />
            <line number="114" hits="1" branch="false" />
            <line number="115" hits="1" branch="false" />
            <line number="116" hits="1" branch="false" />
            <line number="122" hits="1" branch="false" />
            <line number="123" hits="1" branch="false" />
            <line number="125" hits="1" branch="false" />
            <line number="130" hits="1" branch="false" />
            <line number="131" hits="1" branch="false" />
            <line number="132" hits="1" branch="true" condition-coverage="100% (4/4)" />
            <line number="133" hits="1" branch="false" />
            <line number="134" hits="1" branch="true" condition-coverage="67% (4/6)" />
            <line number="135" hits="1" branch="false" />
            <line number="136" hits="1" branch="false" />
            <line number="137" hits="1" branch="false" />
            <line number="138" hits="1" branch="false" />
            <line number="139" hits="1" branch="false" />
            <line number="140" hits="1" branch="false" />
            <line number="146" hits="1" branch="false" />
            <line number="147" hits="1" branch="false" />
            <line number="148" hits="1" branch="false" />
            <line number="155" hits="1" branch="false" />
            <line number="156" hits="1" branch="false" />
            <line number="157" hits="1" branch="true" condition-coverage="100% (4/4)" />
            <line number="158" hits="1" branch="false" />
            <line number="159" hits="1" branch="false" />
            <line number="160" hits="1" branch="false" />
            <line number="162" hits="1" branch="false" />
            <line number="163" hits="1" branch="false" />
            <line number="170" hits="1" branch="false" />
            <line number="171" hits="1" branch="false" />
            <line number="172" hits="1" branch="true" condition-coverage="100% (4/4)" />
            <line number="173" hits="1" branch="false" />
            <line number="174" hits="1" branch="false" />
            <line number="175" hits="1" branch="false" />
            <line number="177" hits="1" branch="false" />
            <line number="178" hits="1" branch="false" />
            <line number="185" hits="1" branch="false" />
            <line number="186" hits="1" branch="false" />
            <line number="187" hits="1" branch="false" />
            <line number="192" hits="1" branch="false" />
            <line number="193" hits="1" branch="false" />
            <line number="195" hits="1" branch="false" />
          </lines>
        </class>
        <class name="Team3DesktopApp.ViewModel.FoundRecipeViewModel" filename="C:\Users\jorda\OneDrive\Desktop\Capstone\code\Team3Capstone\Team3DesktopApp\ViewModel\FoundRecipeViewModel.cs" line-rate="1" branch-rate="1" complexity="6">
          <methods>
            <method name="get_Recipes" signature="()" line-rate="1" branch-rate="1" complexity="1">
              <lines>
                <line number="17" hits="1" branch="false" />
              </lines>
            </method>
            <method name="set_Recipes" signature="(...)" line-rate="1" branch-rate="1" complexity="1">
              <lines>
                <line number="17" hits="1" branch="false" />
              </lines>
            </method>
            <method name="get_SelectedRecipeTitle" signature="()" line-rate="1" branch-rate="1" complexity="1">
              <lines>
                <line number="21" hits="1" branch="false" />
              </lines>
            </method>
            <method name="set_SelectedRecipeTitle" signature="(...)" line-rate="1" branch-rate="1" complexity="1">
              <lines>
                <line number="21" hits="1" branch="false" />
              </lines>
            </method>
            <method name="GetRecipes" signature="(...)" line-rate="1" branch-rate="1" complexity="2">
              <lines>
                <line number="33" hits="1" branch="false" />
                <line number="34" hits="1" branch="false" />
                <line number="35" hits="1" branch="false" />
                <line number="36" hits="1" branch="false" />
                <line number="37" hits="1" branch="true" condition-coverage="100% (2/2)" />
                <line number="38" hits="1" branch="false" />
                <line number="39" hits="1" branch="false" />
                <line number="40" hits="1" branch="false" />
                <line number="42" hits="1" branch="false" />
                <line number="43" hits="1" branch="false" />
              </lines>
            </method>
          </methods>
          <lines>
            <line number="17" hits="1" branch="false" />
            <line number="21" hits="1" branch="false" />
            <line number="33" hits="1" branch="false" />
            <line number="34" hits="1" branch="false" />
            <line number="35" hits="1" branch="false" />
            <line number="36" hits="1" branch="false" />
            <line number="37" hits="1" branch="true" condition-coverage="100% (2/2)" />
            <line number="38" hits="1" branch="false" />
            <line number="39" hits="1" branch="false" />
            <line number="40" hits="1" branch="false" />
            <line number="42" hits="1" branch="false" />
            <line number="43" hits="1" branch="false" />
          </lines>
        </class>
        <class name="Team3DesktopApp.ViewModel.PantryViewModel" filename="C:\Users\jorda\OneDrive\Desktop\Capstone\code\Team3Capstone\Team3DesktopApp\ViewModel\PantryViewModel.cs" line-rate="0.947368421052632" branch-rate="0.5" complexity="12">
          <methods>
            <method name="get_Pantry" signature="()" line-rate="1" branch-rate="1" complexity="1">
              <lines>
                <line number="20" hits="1" branch="false" />
              </lines>
            </method>
            <method name="set_Pantry" signature="(...)" line-rate="1" branch-rate="1" complexity="1">
              <lines>
                <line number="20" hits="1" branch="false" />
              </lines>
            </method>
            <method name="getItem" signature="(...)" line-rate="0.777777777777778" branch-rate="0.5" complexity="6">
              <lines>
                <line number="69" hits="1" branch="false" />
                <line number="70" hits="1" branch="true" condition-coverage="50% (2/4)" />
                <line number="71" hits="1" branch="false" />
                <line number="72" hits="1" branch="true" condition-coverage="50% (1/2)" />
                <line number="73" hits="1" branch="false" />
                <line number="74" hits="1" branch="false" />
                <line number="76" hits="0" branch="false" />
                <line number="78" hits="0" branch="false" />
                <line number="79" hits="1" branch="false" />
              </lines>
            </method>
            <method name="RemoveIngredient" signature="(...)" line-rate="1" branch-rate="1" complexity="1">
              <lines>
                <line number="82" hits="1" branch="false" />
                <line number="84" hits="1" branch="false" />
                <line number="85" hits="1" branch="false" />
                <line number="86" hits="1" branch="false" />
                <line number="87" hits="1" branch="false" />
                <line number="88" hits="1" branch="false" />
              </lines>
            </method>
            <method name="MoveNext" signature="()" line-rate="1" branch-rate="1" complexity="1">
              <lines>
                <line number="47" hits="1" branch="false" />
                <line number="48" hits="1" branch="false" />
                <line number="49" hits="1" branch="false" />
                <line number="50" hits="1" branch="false" />
                <line number="51" hits="1" branch="false" />
                <line number="52" hits="1" branch="false" />
                <line number="53" hits="1" branch="false" />
                <line number="54" hits="1" branch="false" />
              </lines>
            </method>
            <method name="MoveNext" signature="()" line-rate="1" branch-rate="1" complexity="1">
              <lines>
                <line number="60" hits="1" branch="false" />
                <line number="61" hits="1" branch="false" />
                <line number="62" hits="1" branch="false" />
                <line number="63" hits="1" branch="false" />
                <line number="64" hits="1" branch="false" />
                <line number="65" hits="1" branch="false" />
                <line number="66" hits="1" branch="false" />
              </lines>
            </method>
            <method name="MoveNext" signature="()" line-rate="1" branch-rate="1" complexity="1">
              <lines>
                <line number="33" hits="1" branch="false" />
                <line number="34" hits="1" branch="false" />
                <line number="35" hits="1" branch="false" />
                <line number="36" hits="1" branch="false" />
                <line number="37" hits="1" branch="false" />
                <line number="38" hits="1" branch="false" />
                <line number="39" hits="1" branch="false" />
              </lines>
            </method>
          </methods>
          <lines>
            <line number="20" hits="1" branch="false" />
            <line number="33" hits="1" branch="false" />
            <line number="34" hits="1" branch="false" />
            <line number="35" hits="1" branch="false" />
            <line number="36" hits="1" branch="false" />
            <line number="37" hits="1" branch="false" />
            <line number="38" hits="1" branch="false" />
            <line number="39" hits="1" branch="false" />
            <line number="47" hits="1" branch="false" />
            <line number="48" hits="1" branch="false" />
            <line number="49" hits="1" branch="false" />
            <line number="50" hits="1" branch="false" />
            <line number="51" hits="1" branch="false" />
            <line number="52" hits="1" branch="false" />
            <line number="53" hits="1" branch="false" />
            <line number="54" hits="1" branch="false" />
            <line number="60" hits="1" branch="false" />
            <line number="61" hits="1" branch="false" />
            <line number="62" hits="1" branch="false" />
            <line number="63" hits="1" branch="false" />
            <line number="64" hits="1" branch="false" />
            <line number="65" hits="1" branch="false" />
            <line number="66" hits="1" branch="false" />
            <line number="69" hits="1" branch="false" />
            <line number="70" hits="1" branch="true" condition-coverage="50% (2/4)" />
            <line number="71" hits="1" branch="false" />
            <line number="72" hits="1" branch="true" condition-coverage="50% (1/2)" />
            <line number="73" hits="1" branch="false" />
            <line number="74" hits="1" branch="false" />
            <line number="76" hits="0" branch="false" />
            <line number="78" hits="0" branch="false" />
            <line number="79" hits="1" branch="false" />
            <line number="82" hits="1" branch="false" />
            <line number="84" hits="1" branch="false" />
            <line number="85" hits="1" branch="false" />
            <line number="86" hits="1" branch="false" />
            <line number="87" hits="1" branch="false" />
            <line number="88" hits="1" branch="false" />
          </lines>
        </class>
        <class name="Team3DesktopApp.ViewModel.RecipeDetailViewModel" filename="C:\Users\jorda\OneDrive\Desktop\Capstone\code\Team3Capstone\Team3DesktopApp\ViewModel\RecipeDetailViewModel.cs" line-rate="1" branch-rate="1" complexity="3">
          <methods>
            <method name="get_RecipeInfo" signature="()" line-rate="1" branch-rate="1" complexity="1">
              <lines>
                <line number="14" hits="1" branch="false" />
              </lines>
            </method>
            <method name="set_RecipeInfo" signature="(...)" line-rate="1" branch-rate="1" complexity="1">
              <lines>
                <line number="14" hits="1" branch="false" />
              </lines>
            </method>
            <method name="MoveNext" signature="()" line-rate="1" branch-rate="1" complexity="1">
              <lines>
                <line number="23" hits="1" branch="false" />
                <line number="24" hits="1" branch="false" />
                <line number="25" hits="1" branch="false" />
                <line number="27" hits="1" branch="false" />
              </lines>
            </method>
          </methods>
          <lines>
            <line number="14" hits="1" branch="false" />
            <line number="23" hits="1" branch="false" />
            <line number="24" hits="1" branch="false" />
            <line number="25" hits="1" branch="false" />
            <line number="27" hits="1" branch="false" />
          </lines>
        </class>
      </classes>
    </package>
  </packages>
</coverage>